{"message":"Login successfully","level":"info"}
{"message":"Login successfully","level":"info"}
{"message":"Login successfully","level":"info","timestamp":"2021-04-26T05:28:53.323Z"}
{"message":"Login successfully","level":"info","timestamp":"2021-04-26T05:33:58.804Z"}
{"message":"Login successfully","level":"info","timestamp":"2021-04-26T07:06:37.161Z"}
{"message":"ReferenceError: payload is not defined\n    at Strategy._verify (E:\\Office\\Projects\\demos\\Node JS\\NODE\\authdemo\\src\\config\\passport.js:41:35)\n    at Strategy.authenticate (E:\\Office\\Projects\\demos\\Node JS\\NODE\\authdemo\\node_modules\\passport-local\\lib\\strategy.js:90:12)\n    at attempt (E:\\Office\\Projects\\demos\\Node JS\\NODE\\authdemo\\node_modules\\passport\\lib\\middleware\\authenticate.js:366:16)\n    at authenticate (E:\\Office\\Projects\\demos\\Node JS\\NODE\\authdemo\\node_modules\\passport\\lib\\middleware\\authenticate.js:367:7)\n    at Layer.handle [as handle_request] (E:\\Office\\Projects\\demos\\Node JS\\NODE\\authdemo\\node_modules\\express\\lib\\router\\layer.js:95:5)\n    at next (E:\\Office\\Projects\\demos\\Node JS\\NODE\\authdemo\\node_modules\\express\\lib\\router\\route.js:137:13)\n    at Route.dispatch (E:\\Office\\Projects\\demos\\Node JS\\NODE\\authdemo\\node_modules\\express\\lib\\router\\route.js:112:3)\n    at Layer.handle [as handle_request] (E:\\Office\\Projects\\demos\\Node JS\\NODE\\authdemo\\node_modules\\express\\lib\\router\\layer.js:95:5)\n    at E:\\Office\\Projects\\demos\\Node JS\\NODE\\authdemo\\node_modules\\express\\lib\\router\\index.js:281:22\n    at Function.process_params (E:\\Office\\Projects\\demos\\Node JS\\NODE\\authdemo\\node_modules\\express\\lib\\router\\index.js:335:12)\n    at next (E:\\Office\\Projects\\demos\\Node JS\\NODE\\authdemo\\node_modules\\express\\lib\\router\\index.js:275:10)\n    at Function.handle (E:\\Office\\Projects\\demos\\Node JS\\NODE\\authdemo\\node_modules\\express\\lib\\router\\index.js:174:3)\n    at router (E:\\Office\\Projects\\demos\\Node JS\\NODE\\authdemo\\node_modules\\express\\lib\\router\\index.js:47:12)\n    at Layer.handle [as handle_request] (E:\\Office\\Projects\\demos\\Node JS\\NODE\\authdemo\\node_modules\\express\\lib\\router\\layer.js:95:5)\n    at trim_prefix (E:\\Office\\Projects\\demos\\Node JS\\NODE\\authdemo\\node_modules\\express\\lib\\router\\index.js:317:13)\n    at E:\\Office\\Projects\\demos\\Node JS\\NODE\\authdemo\\node_modules\\express\\lib\\router\\index.js:284:7","level":"error","timestamp":"2021-04-26T07:10:38.930Z"}
{"message":"Login successfully","level":"info","timestamp":"2021-04-26T07:11:28.984Z"}
{"message":"Login successfully","level":"info","timestamp":"2021-04-26T07:12:59.256Z"}
{"message":"Login successfully","level":"info","timestamp":"2021-04-26T07:14:16.826Z"}
{"message":"InternalOAuthError: Request had invalid authentication credentials. Expected OAuth 2 access token, login cookie or other valid authentication credential. See https://developers.google.com/identity/sign-in/web/devconsole-project.\n    at E:\\Office\\Projects\\demos\\Node JS\\NODE\\authdemo\\node_modules\\passport-google-plus-token\\lib\\index.js:115:25\n    at passBackControl (E:\\Office\\Projects\\demos\\Node JS\\NODE\\authdemo\\node_modules\\oauth\\lib\\oauth2.js:132:9)\n    at IncomingMessage.<anonymous> (E:\\Office\\Projects\\demos\\Node JS\\NODE\\authdemo\\node_modules\\oauth\\lib\\oauth2.js:157:7)\n    at IncomingMessage.emit (events.js:323:22)\n    at endReadableNT (_stream_readable.js:1204:12)\n    at processTicksAndRejections (internal/process/task_queues.js:84:21)","level":"error","timestamp":"2021-04-26T09:34:10.510Z"}
{"message":"InternalOAuthError: Request had invalid authentication credentials. Expected OAuth 2 access token, login cookie or other valid authentication credential. See https://developers.google.com/identity/sign-in/web/devconsole-project.\n    at E:\\Office\\Projects\\demos\\Node JS\\NODE\\authdemo\\node_modules\\passport-google-plus-token\\lib\\index.js:115:25\n    at passBackControl (E:\\Office\\Projects\\demos\\Node JS\\NODE\\authdemo\\node_modules\\oauth\\lib\\oauth2.js:132:9)\n    at IncomingMessage.<anonymous> (E:\\Office\\Projects\\demos\\Node JS\\NODE\\authdemo\\node_modules\\oauth\\lib\\oauth2.js:157:7)\n    at IncomingMessage.emit (events.js:323:22)\n    at endReadableNT (_stream_readable.js:1204:12)\n    at processTicksAndRejections (internal/process/task_queues.js:84:21)","level":"error","timestamp":"2021-04-26T09:34:44.273Z"}
{"message":"InternalOAuthError: Request had invalid authentication credentials. Expected OAuth 2 access token, login cookie or other valid authentication credential. See https://developers.google.com/identity/sign-in/web/devconsole-project.\n    at E:\\Office\\Projects\\demos\\Node JS\\NODE\\authdemo\\node_modules\\passport-google-plus-token\\lib\\index.js:115:25\n    at passBackControl (E:\\Office\\Projects\\demos\\Node JS\\NODE\\authdemo\\node_modules\\oauth\\lib\\oauth2.js:132:9)\n    at IncomingMessage.<anonymous> (E:\\Office\\Projects\\demos\\Node JS\\NODE\\authdemo\\node_modules\\oauth\\lib\\oauth2.js:157:7)\n    at IncomingMessage.emit (events.js:323:22)\n    at endReadableNT (_stream_readable.js:1204:12)\n    at processTicksAndRejections (internal/process/task_queues.js:84:21)","level":"error","timestamp":"2021-04-26T09:35:30.764Z"}
{"message":"InternalOAuthError: Request had invalid authentication credentials. Expected OAuth 2 access token, login cookie or other valid authentication credential. See https://developers.google.com/identity/sign-in/web/devconsole-project.\n    at E:\\Office\\Projects\\demos\\Node JS\\NODE\\authdemo\\node_modules\\passport-google-plus-token\\lib\\index.js:115:25\n    at passBackControl (E:\\Office\\Projects\\demos\\Node JS\\NODE\\authdemo\\node_modules\\oauth\\lib\\oauth2.js:132:9)\n    at IncomingMessage.<anonymous> (E:\\Office\\Projects\\demos\\Node JS\\NODE\\authdemo\\node_modules\\oauth\\lib\\oauth2.js:157:7)\n    at IncomingMessage.emit (events.js:323:22)\n    at endReadableNT (_stream_readable.js:1204:12)\n    at processTicksAndRejections (internal/process/task_queues.js:84:21)","level":"error","timestamp":"2021-04-26T09:35:44.153Z"}
{"message":"InternalOAuthError: Request had invalid authentication credentials. Expected OAuth 2 access token, login cookie or other valid authentication credential. See https://developers.google.com/identity/sign-in/web/devconsole-project.\n    at E:\\Office\\Projects\\demos\\Node JS\\NODE\\authdemo\\node_modules\\passport-google-plus-token\\lib\\index.js:115:25\n    at passBackControl (E:\\Office\\Projects\\demos\\Node JS\\NODE\\authdemo\\node_modules\\oauth\\lib\\oauth2.js:132:9)\n    at IncomingMessage.<anonymous> (E:\\Office\\Projects\\demos\\Node JS\\NODE\\authdemo\\node_modules\\oauth\\lib\\oauth2.js:157:7)\n    at IncomingMessage.emit (events.js:323:22)\n    at endReadableNT (_stream_readable.js:1204:12)\n    at processTicksAndRejections (internal/process/task_queues.js:84:21)","level":"error","timestamp":"2021-04-26T09:36:18.469Z"}
{"message":"InternalOAuthError: Request had invalid authentication credentials. Expected OAuth 2 access token, login cookie or other valid authentication credential. See https://developers.google.com/identity/sign-in/web/devconsole-project.\n    at E:\\Office\\Projects\\demos\\Node JS\\NODE\\authdemo\\node_modules\\passport-google-plus-token\\lib\\index.js:115:25\n    at passBackControl (E:\\Office\\Projects\\demos\\Node JS\\NODE\\authdemo\\node_modules\\oauth\\lib\\oauth2.js:132:9)\n    at IncomingMessage.<anonymous> (E:\\Office\\Projects\\demos\\Node JS\\NODE\\authdemo\\node_modules\\oauth\\lib\\oauth2.js:157:7)\n    at IncomingMessage.emit (events.js:323:22)\n    at endReadableNT (_stream_readable.js:1204:12)\n    at processTicksAndRejections (internal/process/task_queues.js:84:21)","level":"error","timestamp":"2021-04-26T09:36:30.356Z"}
{"message":"InternalOAuthError: Request had invalid authentication credentials. Expected OAuth 2 access token, login cookie or other valid authentication credential. See https://developers.google.com/identity/sign-in/web/devconsole-project.\n    at E:\\Office\\Projects\\demos\\Node JS\\NODE\\authdemo\\node_modules\\passport-google-plus-token\\lib\\index.js:115:25\n    at passBackControl (E:\\Office\\Projects\\demos\\Node JS\\NODE\\authdemo\\node_modules\\oauth\\lib\\oauth2.js:132:9)\n    at IncomingMessage.<anonymous> (E:\\Office\\Projects\\demos\\Node JS\\NODE\\authdemo\\node_modules\\oauth\\lib\\oauth2.js:157:7)\n    at IncomingMessage.emit (events.js:323:22)\n    at endReadableNT (_stream_readable.js:1204:12)\n    at processTicksAndRejections (internal/process/task_queues.js:84:21)","level":"error","timestamp":"2021-04-26T09:36:54.555Z"}
{"message":"InternalOAuthError: Request had invalid authentication credentials. Expected OAuth 2 access token, login cookie or other valid authentication credential. See https://developers.google.com/identity/sign-in/web/devconsole-project.\n    at E:\\Office\\Projects\\demos\\Node JS\\NODE\\authdemo\\node_modules\\passport-google-plus-token\\lib\\index.js:115:25\n    at passBackControl (E:\\Office\\Projects\\demos\\Node JS\\NODE\\authdemo\\node_modules\\oauth\\lib\\oauth2.js:132:9)\n    at IncomingMessage.<anonymous> (E:\\Office\\Projects\\demos\\Node JS\\NODE\\authdemo\\node_modules\\oauth\\lib\\oauth2.js:157:7)\n    at IncomingMessage.emit (events.js:323:22)\n    at endReadableNT (_stream_readable.js:1204:12)\n    at processTicksAndRejections (internal/process/task_queues.js:84:21)","level":"error","timestamp":"2021-04-26T09:37:13.908Z"}
{"message":"InternalOAuthError: Request had invalid authentication credentials. Expected OAuth 2 access token, login cookie or other valid authentication credential. See https://developers.google.com/identity/sign-in/web/devconsole-project.\n    at E:\\Office\\Projects\\demos\\Node JS\\NODE\\authdemo\\node_modules\\passport-google-plus-token\\lib\\index.js:115:25\n    at passBackControl (E:\\Office\\Projects\\demos\\Node JS\\NODE\\authdemo\\node_modules\\oauth\\lib\\oauth2.js:132:9)\n    at IncomingMessage.<anonymous> (E:\\Office\\Projects\\demos\\Node JS\\NODE\\authdemo\\node_modules\\oauth\\lib\\oauth2.js:157:7)\n    at IncomingMessage.emit (events.js:323:22)\n    at endReadableNT (_stream_readable.js:1204:12)\n    at processTicksAndRejections (internal/process/task_queues.js:84:21)","level":"error","timestamp":"2021-04-26T11:46:42.528Z"}
{"message":"Login successfully","level":"info","timestamp":"2021-04-26T11:53:23.139Z"}
{"message":"Login successfully","level":"info","timestamp":"2021-04-26T12:08:26.517Z"}
{"message":"Login successfully","level":"info","timestamp":"2021-04-26T12:14:34.937Z"}
{"message":"Login successfully","level":"info","timestamp":"2021-04-26T12:24:16.164Z"}
{"message":"InternalOAuthError: Request had invalid authentication credentials. Expected OAuth 2 access token, login cookie or other valid authentication credential. See https://developers.google.com/identity/sign-in/web/devconsole-project.\n    at E:\\Office\\Projects\\demos\\Node JS\\NODE\\jwtDemo\\node_modules\\passport-google-plus-token\\lib\\index.js:115:25\n    at passBackControl (E:\\Office\\Projects\\demos\\Node JS\\NODE\\jwtDemo\\node_modules\\oauth\\lib\\oauth2.js:132:9)\n    at IncomingMessage.<anonymous> (E:\\Office\\Projects\\demos\\Node JS\\NODE\\jwtDemo\\node_modules\\oauth\\lib\\oauth2.js:157:7)\n    at IncomingMessage.emit (events.js:323:22)\n    at endReadableNT (_stream_readable.js:1204:12)\n    at processTicksAndRejections (internal/process/task_queues.js:84:21)","level":"error","timestamp":"2021-04-27T05:24:24.324Z"}
{"message":"Login successfully","level":"info","timestamp":"2021-04-27T06:16:23.143Z"}
{"message":"Login successfully","level":"info","timestamp":"2021-04-27T07:02:26.652Z"}
{"message":"Login successfully","level":"info","timestamp":"2021-04-27T07:02:40.259Z"}
{"message":"Login successfully","level":"info","timestamp":"2021-04-27T07:02:47.682Z"}
{"message":"Login successfully","level":"info","timestamp":"2021-04-27T07:02:48.433Z"}
{"message":"Login successfully","level":"info","timestamp":"2021-04-27T07:02:48.836Z"}
{"message":"Login successfully","level":"info","timestamp":"2021-04-27T07:02:49.072Z"}
{"message":"Login successfully","level":"info","timestamp":"2021-04-27T07:02:53.630Z"}
{"message":"Login successfully","level":"info","timestamp":"2021-04-27T07:02:54.482Z"}
{"message":"Login successfully","level":"info","timestamp":"2021-04-27T07:03:02.703Z"}
{"message":"Login successfully","level":"info","timestamp":"2021-04-27T07:03:03.204Z"}
{"message":"Login successfully","level":"info","timestamp":"2021-04-27T07:03:03.415Z"}
{"message":"Login successfully","level":"info","timestamp":"2021-04-27T07:03:30.983Z"}
{"message":"Login successfully","level":"info","timestamp":"2021-04-27T07:03:31.806Z"}
{"message":"Login successfully","level":"info","timestamp":"2021-04-27T07:03:32.083Z"}
{"message":"Login successfully","level":"info","timestamp":"2021-04-27T07:03:32.288Z"}
{"message":"Login successfully","level":"info","timestamp":"2021-04-27T07:03:32.471Z"}
{"message":"Login successfully","level":"info","timestamp":"2021-04-27T07:03:32.679Z"}
{"message":"Login successfully","level":"info","timestamp":"2021-04-27T07:03:32.872Z"}
{"message":"Login successfully","level":"info","timestamp":"2021-04-27T07:03:33.074Z"}
{"message":"Login successfully","level":"info","timestamp":"2021-04-27T07:03:33.299Z"}
{"message":"Login successfully","level":"info","timestamp":"2021-04-27T07:03:33.521Z"}
{"message":"Login successfully","level":"info","timestamp":"2021-04-27T07:03:33.735Z"}
{"message":"Login successfully","level":"info","timestamp":"2021-04-27T07:03:33.950Z"}
{"message":"Login successfully","level":"info","timestamp":"2021-04-27T07:03:50.330Z"}
{"message":"Login successfully","level":"info","timestamp":"2021-04-27T07:04:43.171Z"}
{"message":"Login successfully","level":"info","timestamp":"2021-04-27T07:04:44.104Z"}
{"message":"Login successfully","level":"info","timestamp":"2021-04-27T07:05:15.292Z"}
{"message":"Login successfully","level":"info","timestamp":"2021-04-27T07:05:16.187Z"}
{"message":"Login successfully","level":"info","timestamp":"2021-04-27T07:05:16.529Z"}
{"message":"Login successfully","level":"info","timestamp":"2021-04-27T07:05:16.946Z"}
{"message":"Login successfully","level":"info","timestamp":"2021-04-27T07:05:17.129Z"}
{"message":"Login successfully","level":"info","timestamp":"2021-04-27T07:05:17.353Z"}
{"message":"InternalOAuthError: Request had invalid authentication credentials. Expected OAuth 2 access token, login cookie or other valid authentication credential. See https://developers.google.com/identity/sign-in/web/devconsole-project.\n    at E:\\Office\\Projects\\demos\\Node JS\\NODE\\jwtDemo\\node_modules\\passport-google-plus-token\\lib\\index.js:115:25\n    at passBackControl (E:\\Office\\Projects\\demos\\Node JS\\NODE\\jwtDemo\\node_modules\\oauth\\lib\\oauth2.js:132:9)\n    at IncomingMessage.<anonymous> (E:\\Office\\Projects\\demos\\Node JS\\NODE\\jwtDemo\\node_modules\\oauth\\lib\\oauth2.js:157:7)\n    at IncomingMessage.emit (events.js:323:22)\n    at endReadableNT (_stream_readable.js:1204:12)\n    at processTicksAndRejections (internal/process/task_queues.js:84:21)","level":"error","timestamp":"2021-04-27T07:54:55.400Z"}
{"message":"Login successfully","level":"info","timestamp":"2021-04-27T08:09:33.687Z"}
